0 info it worked if it ends with ok
1 verbose cli [ '/usr/bin/nodejs', '/home/nut/.npm-global/bin/npm', 'start' ]
2 info using npm@3.10.8
3 info using node@v6.9.1
4 verbose run-script [ 'prestart', 'start', 'poststart' ]
5 info lifecycle react-tutorial@1.0.0~prestart: react-tutorial@1.0.0
6 silly lifecycle react-tutorial@1.0.0~prestart: no script for prestart, continuing
7 info lifecycle react-tutorial@1.0.0~start: react-tutorial@1.0.0
8 verbose lifecycle react-tutorial@1.0.0~start: unsafe-perm in lifecycle true
9 verbose lifecycle react-tutorial@1.0.0~start: PATH: /home/nut/.npm-global/lib/node_modules/npm/bin/node-gyp-bin:/home/nut/KEM_KNOWLEDGE/frontend/node_modules/.bin:/home/nut/.rbenv/plugins/ruby-build/bin:/home/nut/.rbenv/shims:/home/nut/.rbenv/bin:/home/nut/.npm-global/bin:/home/nut/.npm-global/bin:/usr/local/sbin:/usr/local/bin:/usr/sbin:/usr/bin:/sbin:/bin:/usr/games:/usr/local/games:/snap/bin:/usr/lib/jvm/java-8-oracle/bin:/usr/lib/jvm/java-8-oracle/db/bin:/usr/lib/jvm/java-8-oracle/jre/bin
10 verbose lifecycle react-tutorial@1.0.0~start: CWD: /home/nut/KEM_KNOWLEDGE/frontend
11 silly lifecycle react-tutorial@1.0.0~start: Args: [ '-c', 'gulp' ]
12 silly lifecycle react-tutorial@1.0.0~start: Returned: code: 1  signal: null
13 info lifecycle react-tutorial@1.0.0~start: Failed to exec start script
14 verbose stack Error: react-tutorial@1.0.0 start: `gulp`
14 verbose stack Exit status 1
14 verbose stack     at EventEmitter.<anonymous> (/home/nut/.npm-global/lib/node_modules/npm/lib/utils/lifecycle.js:255:16)
14 verbose stack     at emitTwo (events.js:106:13)
14 verbose stack     at EventEmitter.emit (events.js:191:7)
14 verbose stack     at ChildProcess.<anonymous> (/home/nut/.npm-global/lib/node_modules/npm/lib/utils/spawn.js:40:14)
14 verbose stack     at emitTwo (events.js:106:13)
14 verbose stack     at ChildProcess.emit (events.js:191:7)
14 verbose stack     at maybeClose (internal/child_process.js:877:16)
14 verbose stack     at Process.ChildProcess._handle.onexit (internal/child_process.js:226:5)
15 verbose pkgid react-tutorial@1.0.0
16 verbose cwd /home/nut/KEM_KNOWLEDGE/frontend
17 error Linux 4.4.0-45-generic
18 error argv "/usr/bin/nodejs" "/home/nut/.npm-global/bin/npm" "start"
19 error node v6.9.1
20 error npm  v3.10.8
21 error code ELIFECYCLE
22 error react-tutorial@1.0.0 start: `gulp`
22 error Exit status 1
23 error Failed at the react-tutorial@1.0.0 start script 'gulp'.
23 error Make sure you have the latest version of node.js and npm installed.
23 error If you do, this is most likely a problem with the react-tutorial package,
23 error not with npm itself.
23 error Tell the author that this fails on your system:
23 error     gulp
23 error You can get information on how to open an issue for this project with:
23 error     npm bugs react-tutorial
23 error Or if that isn't available, you can get their info via:
23 error     npm owner ls react-tutorial
23 error There is likely additional logging output above.
24 verbose exit [ 1, true ]
